# JRE version: OpenJDK Runtime Environment (8.0_171-b10) (build 1.8.0_171-b10)
# Java VM: OpenJDK 64-Bit Server VM (25.171-b10 mixed mode linux-amd64 compressed oops)
Heap:
 PSYoungGen      total 323072K, used 147114K [0x00000000eab00000, 0x0000000100000000, 0x0000000100000000)
  eden space 301056K, 41% used [0x00000000eab00000,0x00000000f2532300,0x00000000fd100000)
  from space 22016K, 99% used [0x00000000fd100000,0x00000000fe678628,0x00000000fe680000)
  to   space 26112K, 0% used [0x00000000fe680000,0x00000000fe680000,0x0000000100000000)
 ParOldGen       total 308736K, used 195154K [0x00000000c0000000, 0x00000000d2d80000, 0x00000000eab00000)
  object space 308736K, 63% used [0x00000000c0000000,0x00000000cbe94af0,0x00000000d2d80000)
 Metaspace       used 86275K, capacity 87354K, committed 87552K, reserved 1124352K
  class space    used 11997K, capacity 12215K, committed 12288K, reserved 1048576K
GC Heap History (10 events):
Event: 226.075 GC heap before
{Heap before GC invocations=61 (full 4):
 PSYoungGen      total 320000K, used 296128K [0x00000000eab00000, 0x00000000ffd80000, 0x0000000100000000)
  eden space 294400K, 100% used [0x00000000eab00000,0x00000000fca80000,0x00000000fca80000)
  from space 25600K, 6% used [0x00000000fe480000,0x00000000fe630140,0x00000000ffd80000)
  to   space 26112K, 0% used [0x00000000fca80000,0x00000000fca80000,0x00000000fe400000)
 ParOldGen       total 308736K, used 151278K [0x00000000c0000000, 0x00000000d2d80000, 0x00000000eab00000)
  object space 308736K, 48% used [0x00000000c0000000,0x00000000c93bba00,0x00000000d2d80000)
 Metaspace       used 86063K, capacity 87050K, committed 87296K, reserved 1124352K
  class space    used 11993K, capacity 12207K, committed 12288K, reserved 1048576K
Event: 226.084 GC heap after
Heap after GC invocations=61 (full 4):
 PSYoungGen      total 320512K, used 1854K [0x00000000eab00000, 0x00000000ffe80000, 0x0000000100000000)
  eden space 294400K, 0% used [0x00000000eab00000,0x00000000eab00000,0x00000000fca80000)
  from space 26112K, 7% used [0x00000000fca80000,0x00000000fcc4f800,0x00000000fe400000)
  to   space 25088K, 0% used [0x00000000fe600000,0x00000000fe600000,0x00000000ffe80000)
 ParOldGen       total 308736K, used 152910K [0x00000000c0000000, 0x00000000d2d80000, 0x00000000eab00000)
  object space 308736K, 49% used [0x00000000c0000000,0x00000000c9553b50,0x00000000d2d80000)
 Metaspace       used 86063K, capacity 87050K, committed 87296K, reserved 1124352K
  class space    used 11993K, capacity 12207K, committed 12288K, reserved 1048576K
}
Event: 226.411 GC heap before
{Heap before GC invocations=62 (full 4):
 PSYoungGen      total 320512K, used 296254K [0x00000000eab00000, 0x00000000ffe80000, 0x0000000100000000)
  eden space 294400K, 100% used [0x00000000eab00000,0x00000000fca80000,0x00000000fca80000)
  from space 26112K, 7% used [0x00000000fca80000,0x00000000fcc4f800,0x00000000fe400000)
  to   space 25088K, 0% used [0x00000000fe600000,0x00000000fe600000,0x00000000ffe80000)
 ParOldGen       total 308736K, used 152910K [0x00000000c0000000, 0x00000000d2d80000, 0x00000000eab00000)
  object space 308736K, 49% used [0x00000000c0000000,0x00000000c9553b50,0x00000000d2d80000)
 Metaspace       used 86065K, capacity 87050K, committed 87296K, reserved 1124352K
  class space    used 11993K, capacity 12207K, committed 12288K, reserved 1048576K
Event: 226.420 GC heap after
Heap after GC invocations=62 (full 4):
 PSYoungGen      total 322560K, used 2055K [0x00000000eab00000, 0x00000000ffe00000, 0x0000000100000000)
  eden space 297984K, 0% used [0x00000000eab00000,0x00000000eab00000,0x00000000fce00000)
  from space 24576K, 8% used [0x00000000fe600000,0x00000000fe801ec8,0x00000000ffe00000)
  to   space 24576K, 0% used [0x00000000fce00000,0x00000000fce00000,0x00000000fe600000)
 ParOldGen       total 308736K, used 154710K [0x00000000c0000000, 0x00000000d2d80000, 0x00000000eab00000)
  object space 308736K, 50% used [0x00000000c0000000,0x00000000c9715ad0,0x00000000d2d80000)
 Metaspace       used 86065K, capacity 87050K, committed 87296K, reserved 1124352K
  class space    used 11993K, capacity 12207K, committed 12288K, reserved 1048576K
}
Event: 226.742 GC heap before
{Heap before GC invocations=63 (full 4):
 PSYoungGen      total 322560K, used 300039K [0x00000000eab00000, 0x00000000ffe00000, 0x0000000100000000)
  eden space 297984K, 100% used [0x00000000eab00000,0x00000000fce00000,0x00000000fce00000)
  from space 24576K, 8% used [0x00000000fe600000,0x00000000fe801ec8,0x00000000ffe00000)
  to   space 24576K, 0% used [0x00000000fce00000,0x00000000fce00000,0x00000000fe600000)
 ParOldGen       total 308736K, used 154710K [0x00000000c0000000, 0x00000000d2d80000, 0x00000000eab00000)
  object space 308736K, 50% used [0x00000000c0000000,0x00000000c9715ad0,0x00000000d2d80000)
 Metaspace       used 86073K, capacity 87050K, committed 87296K, reserved 1124352K
  class space    used 11993K, capacity 12207K, committed 12288K, reserved 1048576K
Event: 226.749 GC heap after
Heap after GC invocations=63 (full 4):
 PSYoungGen      total 322560K, used 3267K [0x00000000eab00000, 0x00000000ffd00000, 0x0000000100000000)
  eden space 297984K, 0% used [0x00000000eab00000,0x00000000eab00000,0x00000000fce00000)
  from space 24576K, 13% used [0x00000000fce00000,0x00000000fd130dc0,0x00000000fe600000)
  to   space 23040K, 0% used [0x00000000fe680000,0x00000000fe680000,0x00000000ffd00000)
 ParOldGen       total 308736K, used 156736K [0x00000000c0000000, 0x00000000d2d80000, 0x00000000eab00000)
  object space 308736K, 50% used [0x00000000c0000000,0x00000000c99100d0,0x00000000d2d80000)
 Metaspace       used 86073K, capacity 87050K, committed 87296K, reserved 1124352K
  class space    used 11993K, capacity 12207K, committed 12288K, reserved 1048576K
}
Event: 227.094 GC heap before
{Heap before GC invocations=64 (full 4):
 PSYoungGen      total 322560K, used 301251K [0x00000000eab00000, 0x00000000ffd00000, 0x0000000100000000)
  eden space 297984K, 100% used [0x00000000eab00000,0x00000000fce00000,0x00000000fce00000)
  from space 24576K, 13% used [0x00000000fce00000,0x00000000fd130dc0,0x00000000fe600000)
  to   space 23040K, 0% used [0x00000000fe680000,0x00000000fe680000,0x00000000ffd00000)
 ParOldGen       total 308736K, used 156736K [0x00000000c0000000, 0x00000000d2d80000, 0x00000000eab00000)
  object space 308736K, 50% used [0x00000000c0000000,0x00000000c99100d0,0x00000000d2d80000)
 Metaspace       used 86075K, capacity 87050K, committed 87296K, reserved 1124352K
  class space    used 11993K, capacity 12207K, committed 12288K, reserved 1048576K
Event: 227.103 GC heap after
Heap after GC invocations=64 (full 4):
 PSYoungGen      total 323584K, used 3293K [0x00000000eab00000, 0x00000000ffc80000, 0x0000000100000000)
  eden space 301056K, 0% used [0x00000000eab00000,0x00000000eab00000,0x00000000fd100000)
  from space 22528K, 14% used [0x00000000fe680000,0x00000000fe9b76b8,0x00000000ffc80000)
  to   space 22016K, 0% used [0x00000000fd100000,0x00000000fd100000,0x00000000fe680000)
 ParOldGen       total 308736K, used 159923K [0x00000000c0000000, 0x00000000d2d80000, 0x00000000eab00000)
  object space 308736K, 51% used [0x00000000c0000000,0x00000000c9c2cea0,0x00000000d2d80000)
 Metaspace       used 86075K, capacity 87050K, committed 87296K, reserved 1124352K
  class space    used 11993K, capacity 12207K, committed 12288K, reserved 1048576K
}
Event: 228.034 GC heap before
{Heap before GC invocations=65 (full 4):
 PSYoungGen      total 323584K, used 304349K [0x00000000eab00000, 0x00000000ffc80000, 0x0000000100000000)
  eden space 301056K, 100% used [0x00000000eab00000,0x00000000fd100000,0x00000000fd100000)
  from space 22528K, 14% used [0x00000000fe680000,0x00000000fe9b76b8,0x00000000ffc80000)
  to   space 22016K, 0% used [0x00000000fd100000,0x00000000fd100000,0x00000000fe680000)
 ParOldGen       total 308736K, used 159923K [0x00000000c0000000, 0x00000000d2d80000, 0x00000000eab00000)
  object space 308736K, 51% used [0x00000000c0000000,0x00000000c9c2cea0,0x00000000d2d80000)
 Metaspace       used 86266K, capacity 87290K, committed 87552K, reserved 1124352K
  class space    used 11997K, capacity 12215K, committed 12288K, reserved 1048576K
Event: 228.067 GC heap after
Heap after GC invocations=65 (full 4):
 PSYoungGen      total 323072K, used 21985K [0x00000000eab00000, 0x0000000100000000, 0x0000000100000000)
  eden space 301056K, 0% used [0x00000000eab00000,0x00000000eab00000,0x00000000fd100000)
  from space 22016K, 99% used [0x00000000fd100000,0x00000000fe678628,0x00000000fe680000)
  to   space 26112K, 0% used [0x00000000fe680000,0x00000000fe680000,0x0000000100000000)
 ParOldGen       total 308736K, used 195154K [0x00000000c0000000, 0x00000000d2d80000, 0x00000000eab00000)
  object space 308736K, 63% used [0x00000000c0000000,0x00000000cbe94af0,0x00000000d2d80000)
 Metaspace       used 86266K, capacity 87290K, committed 87552K, reserved 1124352K
  class space    used 11997K, capacity 12215K, committed 12288K, reserved 1048576K
}

