# JRE version: OpenJDK Runtime Environment (8.0_171-b10) (build 1.8.0_171-b10)
# Java VM: OpenJDK 64-Bit Server VM (25.171-b10 mixed mode linux-amd64 compressed oops)
Heap:
 PSYoungGen      total 324608K, used 282234K [0x00000000eab00000, 0x0000000100000000, 0x0000000100000000)
  eden space 303616K, 90% used [0x00000000eab00000,0x00000000fb6bc7f0,0x00000000fd380000)
  from space 20992K, 38% used [0x00000000fd380000,0x00000000fdb62108,0x00000000fe800000)
  to   space 19968K, 0% used [0x00000000fec80000,0x00000000fec80000,0x0000000100000000)
 ParOldGen       total 358400K, used 139021K [0x00000000c0000000, 0x00000000d5e00000, 0x00000000eab00000)
  object space 358400K, 38% used [0x00000000c0000000,0x00000000c87c36c8,0x00000000d5e00000)
 Metaspace       used 90444K, capacity 91624K, committed 91776K, reserved 1128448K
  class space    used 12105K, capacity 12336K, committed 12416K, reserved 1048576K
GC Heap History (10 events):
Event: 183362.864 GC heap before
{Heap before GC invocations=712 (full 109):
 PSYoungGen      total 304640K, used 294912K [0x00000000eab00000, 0x0000000100000000, 0x0000000100000000)
  eden space 294912K, 100% used [0x00000000eab00000,0x00000000fcb00000,0x00000000fcb00000)
  from space 9728K, 0% used [0x00000000ff400000,0x00000000ff400000,0x00000000ffd80000)
  to   space 27136K, 0% used [0x00000000fcb00000,0x00000000fcb00000,0x00000000fe580000)
 ParOldGen       total 358400K, used 119576K [0x00000000c0000000, 0x00000000d5e00000, 0x00000000eab00000)
  object space 358400K, 33% used [0x00000000c0000000,0x00000000c74c6080,0x00000000d5e00000)
 Metaspace       used 90435K, capacity 91618K, committed 91776K, reserved 1128448K
  class space    used 12104K, capacity 12335K, committed 12416K, reserved 1048576K
Event: 183362.905 GC heap after
Heap after GC invocations=712 (full 109):
 PSYoungGen      total 322048K, used 4966K [0x00000000eab00000, 0x0000000100000000, 0x0000000100000000)
  eden space 294912K, 0% used [0x00000000eab00000,0x00000000eab00000,0x00000000fcb00000)
  from space 27136K, 18% used [0x00000000fcb00000,0x00000000fcfd9ba8,0x00000000fe580000)
  to   space 25600K, 0% used [0x00000000fe700000,0x00000000fe700000,0x0000000100000000)
 ParOldGen       total 358400K, used 119576K [0x00000000c0000000, 0x00000000d5e00000, 0x00000000eab00000)
  object space 358400K, 33% used [0x00000000c0000000,0x00000000c74c6080,0x00000000d5e00000)
 Metaspace       used 90435K, capacity 91618K, committed 91776K, reserved 1128448K
  class space    used 12104K, capacity 12335K, committed 12416K, reserved 1048576K
}
Event: 183364.018 GC heap before
{Heap before GC invocations=713 (full 109):
 PSYoungGen      total 322048K, used 299878K [0x00000000eab00000, 0x0000000100000000, 0x0000000100000000)
  eden space 294912K, 100% used [0x00000000eab00000,0x00000000fcb00000,0x00000000fcb00000)
  from space 27136K, 18% used [0x00000000fcb00000,0x00000000fcfd9ba8,0x00000000fe580000)
  to   space 25600K, 0% used [0x00000000fe700000,0x00000000fe700000,0x0000000100000000)
 ParOldGen       total 358400K, used 119576K [0x00000000c0000000, 0x00000000d5e00000, 0x00000000eab00000)
  object space 358400K, 33% used [0x00000000c0000000,0x00000000c74c6080,0x00000000d5e00000)
 Metaspace       used 90439K, capacity 91618K, committed 91776K, reserved 1128448K
  class space    used 12104K, capacity 12335K, committed 12416K, reserved 1048576K
Event: 183364.040 GC heap after
Heap after GC invocations=713 (full 109):
 PSYoungGen      total 316416K, used 7537K [0x00000000eab00000, 0x00000000ffa80000, 0x0000000100000000)
  eden space 296448K, 0% used [0x00000000eab00000,0x00000000eab00000,0x00000000fcc80000)
  from space 19968K, 37% used [0x00000000fe700000,0x00000000fee5c4a0,0x00000000ffa80000)
  to   space 23552K, 0% used [0x00000000fcc80000,0x00000000fcc80000,0x00000000fe380000)
 ParOldGen       total 358400K, used 123173K [0x00000000c0000000, 0x00000000d5e00000, 0x00000000eab00000)
  object space 358400K, 34% used [0x00000000c0000000,0x00000000c78497f8,0x00000000d5e00000)
 Metaspace       used 90439K, capacity 91618K, committed 91776K, reserved 1128448K
  class space    used 12104K, capacity 12335K, committed 12416K, reserved 1048576K
}
Event: 183365.208 GC heap before
{Heap before GC invocations=714 (full 109):
 PSYoungGen      total 316416K, used 303985K [0x00000000eab00000, 0x00000000ffa80000, 0x0000000100000000)
  eden space 296448K, 100% used [0x00000000eab00000,0x00000000fcc80000,0x00000000fcc80000)
  from space 19968K, 37% used [0x00000000fe700000,0x00000000fee5c4a0,0x00000000ffa80000)
  to   space 23552K, 0% used [0x00000000fcc80000,0x00000000fcc80000,0x00000000fe380000)
 ParOldGen       total 358400K, used 123173K [0x00000000c0000000, 0x00000000d5e00000, 0x00000000eab00000)
  object space 358400K, 34% used [0x00000000c0000000,0x00000000c78497f8,0x00000000d5e00000)
 Metaspace       used 90439K, capacity 91618K, committed 91776K, reserved 1128448K
  class space    used 12104K, capacity 12335K, committed 12416K, reserved 1048576K
Event: 183365.233 GC heap after
Heap after GC invocations=714 (full 109):
 PSYoungGen      total 320000K, used 7722K [0x00000000eab00000, 0x0000000100000000, 0x0000000100000000)
  eden space 296448K, 0% used [0x00000000eab00000,0x00000000eab00000,0x00000000fcc80000)
  from space 23552K, 32% used [0x00000000fcc80000,0x00000000fd40a988,0x00000000fe380000)
  to   space 22016K, 0% used [0x00000000fea80000,0x00000000fea80000,0x0000000100000000)
 ParOldGen       total 358400K, used 128121K [0x00000000c0000000, 0x00000000d5e00000, 0x00000000eab00000)
  object space 358400K, 35% used [0x00000000c0000000,0x00000000c7d1e718,0x00000000d5e00000)
 Metaspace       used 90439K, capacity 91618K, committed 91776K, reserved 1128448K
  class space    used 12104K, capacity 12335K, committed 12416K, reserved 1048576K
}
Event: 183366.307 GC heap before
{Heap before GC invocations=715 (full 109):
 PSYoungGen      total 320000K, used 304170K [0x00000000eab00000, 0x0000000100000000, 0x0000000100000000)
  eden space 296448K, 100% used [0x00000000eab00000,0x00000000fcc80000,0x00000000fcc80000)
  from space 23552K, 32% used [0x00000000fcc80000,0x00000000fd40a988,0x00000000fe380000)
  to   space 22016K, 0% used [0x00000000fea80000,0x00000000fea80000,0x0000000100000000)
 ParOldGen       total 358400K, used 128121K [0x00000000c0000000, 0x00000000d5e00000, 0x00000000eab00000)
  object space 358400K, 35% used [0x00000000c0000000,0x00000000c7d1e718,0x00000000d5e00000)
 Metaspace       used 90439K, capacity 91618K, committed 91776K, reserved 1128448K
  class space    used 12104K, capacity 12335K, committed 12416K, reserved 1048576K
Event: 183366.328 GC heap after
Heap after GC invocations=715 (full 109):
 PSYoungGen      total 322048K, used 8081K [0x00000000eab00000, 0x00000000ffc80000, 0x0000000100000000)
  eden space 303616K, 0% used [0x00000000eab00000,0x00000000eab00000,0x00000000fd380000)
  from space 18432K, 43% used [0x00000000fea80000,0x00000000ff2646a8,0x00000000ffc80000)
  to   space 20992K, 0% used [0x00000000fd380000,0x00000000fd380000,0x00000000fe800000)
 ParOldGen       total 358400K, used 133492K [0x00000000c0000000, 0x00000000d5e00000, 0x00000000eab00000)
  object space 358400K, 37% used [0x00000000c0000000,0x00000000c825d350,0x00000000d5e00000)
 Metaspace       used 90439K, capacity 91618K, committed 91776K, reserved 1128448K
  class space    used 12104K, capacity 12335K, committed 12416K, reserved 1048576K
}
Event: 183367.454 GC heap before
{Heap before GC invocations=716 (full 109):
 PSYoungGen      total 322048K, used 311697K [0x00000000eab00000, 0x00000000ffc80000, 0x0000000100000000)
  eden space 303616K, 100% used [0x00000000eab00000,0x00000000fd380000,0x00000000fd380000)
  from space 18432K, 43% used [0x00000000fea80000,0x00000000ff2646a8,0x00000000ffc80000)
  to   space 20992K, 0% used [0x00000000fd380000,0x00000000fd380000,0x00000000fe800000)
 ParOldGen       total 358400K, used 133492K [0x00000000c0000000, 0x00000000d5e00000, 0x00000000eab00000)
  object space 358400K, 37% used [0x00000000c0000000,0x00000000c825d350,0x00000000d5e00000)
 Metaspace       used 90439K, capacity 91618K, committed 91776K, reserved 1128448K
  class space    used 12104K, capacity 12335K, committed 12416K, reserved 1048576K
Event: 183367.479 GC heap after
Heap after GC invocations=716 (full 109):
 PSYoungGen      total 324608K, used 8072K [0x00000000eab00000, 0x0000000100000000, 0x0000000100000000)
  eden space 303616K, 0% used [0x00000000eab00000,0x00000000eab00000,0x00000000fd380000)
  from space 20992K, 38% used [0x00000000fd380000,0x00000000fdb62108,0x00000000fe800000)
  to   space 19968K, 0% used [0x00000000fec80000,0x00000000fec80000,0x0000000100000000)
 ParOldGen       total 358400K, used 139021K [0x00000000c0000000, 0x00000000d5e00000, 0x00000000eab00000)
  object space 358400K, 38% used [0x00000000c0000000,0x00000000c87c36c8,0x00000000d5e00000)
 Metaspace       used 90439K, capacity 91618K, committed 91776K, reserved 1128448K
  class space    used 12104K, capacity 12335K, committed 12416K, reserved 1048576K
}

