# JRE version: OpenJDK Runtime Environment (8.0_171-b10) (build 1.8.0_171-b10)
# Java VM: OpenJDK 64-Bit Server VM (25.171-b10 mixed mode linux-amd64 compressed oops)
Heap:
 PSYoungGen      total 316928K, used 227125K [0x00000000eab00000, 0x0000000100000000, 0x0000000100000000)
  eden space 306176K, 70% used [0x00000000eab00000,0x00000000f7e54ec8,0x00000000fd600000)
  from space 10752K, 99% used [0x00000000ff380000,0x00000000ffdf87f0,0x00000000ffe00000)
  to   space 21504K, 0% used [0x00000000fd600000,0x00000000fd600000,0x00000000feb00000)
 ParOldGen       total 362496K, used 225158K [0x00000000c0000000, 0x00000000d6200000, 0x00000000eab00000)
  object space 362496K, 62% used [0x00000000c0000000,0x00000000cdbe1978,0x00000000d6200000)
 Metaspace       used 88349K, capacity 89432K, committed 89728K, reserved 1126400K
  class space    used 12075K, capacity 12312K, committed 12416K, reserved 1048576K
GC Heap History (10 events):
Event: 1276.249 GC heap before
{Heap before GC invocations=141 (full 5):
 PSYoungGen      total 331776K, used 319796K [0x00000000eab00000, 0x00000000ffe80000, 0x0000000100000000)
  eden space 317440K, 100% used [0x00000000eab00000,0x00000000fe100000,0x00000000fe100000)
  from space 14336K, 16% used [0x00000000fe100000,0x00000000fe34d320,0x00000000fef00000)
  to   space 13824K, 0% used [0x00000000ff100000,0x00000000ff100000,0x00000000ffe80000)
 ParOldGen       total 362496K, used 192514K [0x00000000c0000000, 0x00000000d6200000, 0x00000000eab00000)
  object space 362496K, 53% used [0x00000000c0000000,0x00000000cbc00a58,0x00000000d6200000)
 Metaspace       used 88257K, capacity 89362K, committed 89728K, reserved 1126400K
  class space    used 12075K, capacity 12311K, committed 12416K, reserved 1048576K
Event: 1276.287 GC heap after
Heap after GC invocations=141 (full 5):
 PSYoungGen      total 333824K, used 1993K [0x00000000eab00000, 0x00000000ffd80000, 0x0000000100000000)
  eden space 321024K, 0% used [0x00000000eab00000,0x00000000eab00000,0x00000000fe480000)
  from space 12800K, 15% used [0x00000000ff100000,0x00000000ff2f2740,0x00000000ffd80000)
  to   space 12800K, 0% used [0x00000000fe480000,0x00000000fe480000,0x00000000ff100000)
 ParOldGen       total 362496K, used 194829K [0x00000000c0000000, 0x00000000d6200000, 0x00000000eab00000)
  object space 362496K, 53% used [0x00000000c0000000,0x00000000cbe435b0,0x00000000d6200000)
 Metaspace       used 88257K, capacity 89362K, committed 89728K, reserved 1126400K
  class space    used 12075K, capacity 12311K, committed 12416K, reserved 1048576K
}
Event: 1276.589 GC heap before
{Heap before GC invocations=142 (full 5):
 PSYoungGen      total 333824K, used 323017K [0x00000000eab00000, 0x00000000ffd80000, 0x0000000100000000)
  eden space 321024K, 100% used [0x00000000eab00000,0x00000000fe480000,0x00000000fe480000)
  from space 12800K, 15% used [0x00000000ff100000,0x00000000ff2f2740,0x00000000ffd80000)
  to   space 12800K, 0% used [0x00000000fe480000,0x00000000fe480000,0x00000000ff100000)
 ParOldGen       total 362496K, used 194829K [0x00000000c0000000, 0x00000000d6200000, 0x00000000eab00000)
  object space 362496K, 53% used [0x00000000c0000000,0x00000000cbe435b0,0x00000000d6200000)
 Metaspace       used 88257K, capacity 89362K, committed 89728K, reserved 1126400K
  class space    used 12075K, capacity 12311K, committed 12416K, reserved 1048576K
Event: 1276.601 GC heap after
Heap after GC invocations=142 (full 5):
 PSYoungGen      total 333824K, used 2656K [0x00000000eab00000, 0x00000000fff00000, 0x0000000100000000)
  eden space 321024K, 0% used [0x00000000eab00000,0x00000000eab00000,0x00000000fe480000)
  from space 12800K, 20% used [0x00000000fe480000,0x00000000fe718208,0x00000000ff100000)
  to   space 12288K, 0% used [0x00000000ff300000,0x00000000ff300000,0x00000000fff00000)
 ParOldGen       total 362496K, used 196767K [0x00000000c0000000, 0x00000000d6200000, 0x00000000eab00000)
  object space 362496K, 54% used [0x00000000c0000000,0x00000000cc027d10,0x00000000d6200000)
 Metaspace       used 88257K, capacity 89362K, committed 89728K, reserved 1126400K
  class space    used 12075K, capacity 12311K, committed 12416K, reserved 1048576K
}
Event: 1276.966 GC heap before
{Heap before GC invocations=143 (full 5):
 PSYoungGen      total 333824K, used 323680K [0x00000000eab00000, 0x00000000fff00000, 0x0000000100000000)
  eden space 321024K, 100% used [0x00000000eab00000,0x00000000fe480000,0x00000000fe480000)
  from space 12800K, 20% used [0x00000000fe480000,0x00000000fe718208,0x00000000ff100000)
  to   space 12288K, 0% used [0x00000000ff300000,0x00000000ff300000,0x00000000fff00000)
 ParOldGen       total 362496K, used 196767K [0x00000000c0000000, 0x00000000d6200000, 0x00000000eab00000)
  object space 362496K, 54% used [0x00000000c0000000,0x00000000cc027d10,0x00000000d6200000)
 Metaspace       used 88273K, capacity 89362K, committed 89728K, reserved 1126400K
  class space    used 12075K, capacity 12311K, committed 12416K, reserved 1048576K
Event: 1277.000 GC heap after
Heap after GC invocations=143 (full 5):
 PSYoungGen      total 335872K, used 2620K [0x00000000eab00000, 0x00000000ffe80000, 0x0000000100000000)
  eden space 324096K, 0% used [0x00000000eab00000,0x00000000eab00000,0x00000000fe780000)
  from space 11776K, 22% used [0x00000000ff300000,0x00000000ff58f168,0x00000000ffe80000)
  to   space 11776K, 0% used [0x00000000fe780000,0x00000000fe780000,0x00000000ff300000)
 ParOldGen       total 362496K, used 199287K [0x00000000c0000000, 0x00000000d6200000, 0x00000000eab00000)
  object space 362496K, 54% used [0x00000000c0000000,0x00000000cc29df08,0x00000000d6200000)
 Metaspace       used 88273K, capacity 89362K, committed 89728K, reserved 1126400K
  class space    used 12075K, capacity 12311K, committed 12416K, reserved 1048576K
}
Event: 1277.489 GC heap before
{Heap before GC invocations=144 (full 5):
 PSYoungGen      total 335872K, used 326716K [0x00000000eab00000, 0x00000000ffe80000, 0x0000000100000000)
  eden space 324096K, 100% used [0x00000000eab00000,0x00000000fe780000,0x00000000fe780000)
  from space 11776K, 22% used [0x00000000ff300000,0x00000000ff58f168,0x00000000ffe80000)
  to   space 11776K, 0% used [0x00000000fe780000,0x00000000fe780000,0x00000000ff300000)
 ParOldGen       total 362496K, used 199287K [0x00000000c0000000, 0x00000000d6200000, 0x00000000eab00000)
  object space 362496K, 54% used [0x00000000c0000000,0x00000000cc29df08,0x00000000d6200000)
 Metaspace       used 88274K, capacity 89362K, committed 89728K, reserved 1126400K
  class space    used 12075K, capacity 12311K, committed 12416K, reserved 1048576K
Event: 1277.518 GC heap after
Heap after GC invocations=144 (full 5):
 PSYoungGen      total 335872K, used 3586K [0x00000000eab00000, 0x00000000ffe00000, 0x0000000100000000)
  eden space 324096K, 0% used [0x00000000eab00000,0x00000000eab00000,0x00000000fe780000)
  from space 11776K, 30% used [0x00000000fe780000,0x00000000feb00b30,0x00000000ff300000)
  to   space 10752K, 0% used [0x00000000ff380000,0x00000000ff380000,0x00000000ffe00000)
 ParOldGen       total 362496K, used 201852K [0x00000000c0000000, 0x00000000d6200000, 0x00000000eab00000)
  object space 362496K, 55% used [0x00000000c0000000,0x00000000cc51f068,0x00000000d6200000)
 Metaspace       used 88274K, capacity 89362K, committed 89728K, reserved 1126400K
  class space    used 12075K, capacity 12311K, committed 12416K, reserved 1048576K
}
Event: 1278.254 GC heap before
{Heap before GC invocations=145 (full 5):
 PSYoungGen      total 335872K, used 327682K [0x00000000eab00000, 0x00000000ffe00000, 0x0000000100000000)
  eden space 324096K, 100% used [0x00000000eab00000,0x00000000fe780000,0x00000000fe780000)
  from space 11776K, 30% used [0x00000000fe780000,0x00000000feb00b30,0x00000000ff300000)
  to   space 10752K, 0% used [0x00000000ff380000,0x00000000ff380000,0x00000000ffe00000)
 ParOldGen       total 362496K, used 201852K [0x00000000c0000000, 0x00000000d6200000, 0x00000000eab00000)
  object space 362496K, 55% used [0x00000000c0000000,0x00000000cc51f068,0x00000000d6200000)
 Metaspace       used 88347K, capacity 89432K, committed 89728K, reserved 1126400K
  class space    used 12075K, capacity 12312K, committed 12416K, reserved 1048576K
Event: 1278.284 GC heap after
Heap after GC invocations=145 (full 5):
 PSYoungGen      total 316928K, used 10721K [0x00000000eab00000, 0x0000000100000000, 0x0000000100000000)
  eden space 306176K, 0% used [0x00000000eab00000,0x00000000eab00000,0x00000000fd600000)
  from space 10752K, 99% used [0x00000000ff380000,0x00000000ffdf87f0,0x00000000ffe00000)
  to   space 21504K, 0% used [0x00000000fd600000,0x00000000fd600000,0x00000000feb00000)
 ParOldGen       total 362496K, used 225158K [0x00000000c0000000, 0x00000000d6200000, 0x00000000eab00000)
  object space 362496K, 62% used [0x00000000c0000000,0x00000000cdbe1978,0x00000000d6200000)
 Metaspace       used 88347K, capacity 89432K, committed 89728K, reserved 1126400K
  class space    used 12075K, capacity 12312K, committed 12416K, reserved 1048576K
}

