# JRE version: OpenJDK Runtime Environment (8.0_171-b10) (build 1.8.0_171-b10)
# Java VM: OpenJDK 64-Bit Server VM (25.171-b10 mixed mode linux-amd64 compressed oops)
Heap:
 PSYoungGen      total 265216K, used 183090K [0x00000000eab00000, 0x0000000100000000, 0x0000000100000000)
  eden space 253952K, 72% used [0x00000000eab00000,0x00000000f5dcc9a8,0x00000000fa300000)
  from space 11264K, 0% used [0x00000000ff380000,0x00000000ff380000,0x00000000ffe80000)
  to   space 47616K, 0% used [0x00000000fa300000,0x00000000fa300000,0x00000000fd180000)
 ParOldGen       total 300544K, used 124518K [0x00000000c0000000, 0x00000000d2580000, 0x00000000eab00000)
  object space 300544K, 41% used [0x00000000c0000000,0x00000000c7999870,0x00000000d2580000)
 Metaspace       used 84562K, capacity 85482K, committed 85760K, reserved 1122304K
  class space    used 11948K, capacity 12161K, committed 12288K, reserved 1048576K
GC Heap History (10 events):
Event: 58.201 GC heap before
{Heap before GC invocations=32 (full 3):
 PSYoungGen      total 334336K, used 322793K [0x00000000eab00000, 0x00000000ffe80000, 0x0000000100000000)
  eden space 320512K, 100% used [0x00000000eab00000,0x00000000fe400000,0x00000000fe400000)
  from space 13824K, 16% used [0x00000000ff100000,0x00000000ff33a528,0x00000000ffe80000)
  to   space 13312K, 0% used [0x00000000fe400000,0x00000000fe400000,0x00000000ff100000)
 ParOldGen       total 147968K, used 68041K [0x00000000c0000000, 0x00000000c9080000, 0x00000000eab00000)
  object space 147968K, 45% used [0x00000000c0000000,0x00000000c4272710,0x00000000c9080000)
 Metaspace       used 78701K, capacity 79428K, committed 79744K, reserved 1118208K
  class space    used 11103K, capacity 11269K, committed 11392K, reserved 1048576K
Event: 58.225 GC heap after
Heap after GC invocations=32 (full 3):
 PSYoungGen      total 333824K, used 3411K [0x00000000eab00000, 0x00000000ffd80000, 0x0000000100000000)
  eden space 320512K, 0% used [0x00000000eab00000,0x00000000eab00000,0x00000000fe400000)
  from space 13312K, 25% used [0x00000000fe400000,0x00000000fe754d50,0x00000000ff100000)
  to   space 12288K, 0% used [0x00000000ff180000,0x00000000ff180000,0x00000000ffd80000)
 ParOldGen       total 147968K, used 70117K [0x00000000c0000000, 0x00000000c9080000, 0x00000000eab00000)
  object space 147968K, 47% used [0x00000000c0000000,0x00000000c4479600,0x00000000c9080000)
 Metaspace       used 78701K, capacity 79428K, committed 79744K, reserved 1118208K
  class space    used 11103K, capacity 11269K, committed 11392K, reserved 1048576K
}
Event: 58.631 GC heap before
{Heap before GC invocations=33 (full 3):
 PSYoungGen      total 333824K, used 323923K [0x00000000eab00000, 0x00000000ffd80000, 0x0000000100000000)
  eden space 320512K, 100% used [0x00000000eab00000,0x00000000fe400000,0x00000000fe400000)
  from space 13312K, 25% used [0x00000000fe400000,0x00000000fe754d50,0x00000000ff100000)
  to   space 12288K, 0% used [0x00000000ff180000,0x00000000ff180000,0x00000000ffd80000)
 ParOldGen       total 147968K, used 70117K [0x00000000c0000000, 0x00000000c9080000, 0x00000000eab00000)
  object space 147968K, 47% used [0x00000000c0000000,0x00000000c4479600,0x00000000c9080000)
 Metaspace       used 78702K, capacity 79428K, committed 79744K, reserved 1118208K
  class space    used 11103K, capacity 11269K, committed 11392K, reserved 1048576K
Event: 58.641 GC heap after
Heap after GC invocations=33 (full 3):
 PSYoungGen      total 334848K, used 3311K [0x00000000eab00000, 0x00000000ffe00000, 0x0000000100000000)
  eden space 322560K, 0% used [0x00000000eab00000,0x00000000eab00000,0x00000000fe600000)
  from space 12288K, 26% used [0x00000000ff180000,0x00000000ff4bbf08,0x00000000ffd80000)
  to   space 11776K, 0% used [0x00000000fe600000,0x00000000fe600000,0x00000000ff180000)
 ParOldGen       total 147968K, used 72964K [0x00000000c0000000, 0x00000000c9080000, 0x00000000eab00000)
  object space 147968K, 49% used [0x00000000c0000000,0x00000000c4741230,0x00000000c9080000)
 Metaspace       used 78702K, capacity 79428K, committed 79744K, reserved 1118208K
  class space    used 11103K, capacity 11269K, committed 11392K, reserved 1048576K
}
Event: 59.871 GC heap before
{Heap before GC invocations=34 (full 3):
 PSYoungGen      total 334848K, used 325871K [0x00000000eab00000, 0x00000000ffe00000, 0x0000000100000000)
  eden space 322560K, 100% used [0x00000000eab00000,0x00000000fe600000,0x00000000fe600000)
  from space 12288K, 26% used [0x00000000ff180000,0x00000000ff4bbf08,0x00000000ffd80000)
  to   space 11776K, 0% used [0x00000000fe600000,0x00000000fe600000,0x00000000ff180000)
 ParOldGen       total 147968K, used 72964K [0x00000000c0000000, 0x00000000c9080000, 0x00000000eab00000)
  object space 147968K, 49% used [0x00000000c0000000,0x00000000c4741230,0x00000000c9080000)
 Metaspace       used 79564K, capacity 80314K, committed 80640K, reserved 1118208K
  class space    used 11240K, capacity 11406K, committed 11520K, reserved 1048576K
Event: 59.890 GC heap after
Heap after GC invocations=34 (full 3):
 PSYoungGen      total 334336K, used 4948K [0x00000000eab00000, 0x00000000ffe80000, 0x0000000100000000)
  eden space 322560K, 0% used [0x00000000eab00000,0x00000000eab00000,0x00000000fe600000)
  from space 11776K, 42% used [0x00000000fe600000,0x00000000fead50d8,0x00000000ff180000)
  to   space 11264K, 0% used [0x00000000ff380000,0x00000000ff380000,0x00000000ffe80000)
 ParOldGen       total 147968K, used 75964K [0x00000000c0000000, 0x00000000c9080000, 0x00000000eab00000)
  object space 147968K, 51% used [0x00000000c0000000,0x00000000c4a2f140,0x00000000c9080000)
 Metaspace       used 79564K, capacity 80314K, committed 80640K, reserved 1118208K
  class space    used 11240K, capacity 11406K, committed 11520K, reserved 1048576K
}
Event: 72.508 GC heap before
{Heap before GC invocations=35 (full 3):
 PSYoungGen      total 334336K, used 327508K [0x00000000eab00000, 0x00000000ffe80000, 0x0000000100000000)
  eden space 322560K, 100% used [0x00000000eab00000,0x00000000fe600000,0x00000000fe600000)
  from space 11776K, 42% used [0x00000000fe600000,0x00000000fead50d8,0x00000000ff180000)
  to   space 11264K, 0% used [0x00000000ff380000,0x00000000ff380000,0x00000000ffe80000)
 ParOldGen       total 147968K, used 75964K [0x00000000c0000000, 0x00000000c9080000, 0x00000000eab00000)
  object space 147968K, 51% used [0x00000000c0000000,0x00000000c4a2f140,0x00000000c9080000)
 Metaspace       used 83366K, capacity 84118K, committed 84480K, reserved 1122304K
  class space    used 11784K, capacity 11959K, committed 12032K, reserved 1048576K
Event: 72.603 GC heap after
Heap after GC invocations=35 (full 3):
 PSYoungGen      total 265216K, used 11249K [0x00000000eab00000, 0x0000000100000000, 0x0000000100000000)
  eden space 253952K, 0% used [0x00000000eab00000,0x00000000eab00000,0x00000000fa300000)
  from space 11264K, 99% used [0x00000000ff380000,0x00000000ffe7c4a0,0x00000000ffe80000)
  to   space 47616K, 0% used [0x00000000fa300000,0x00000000fa300000,0x00000000fd180000)
 ParOldGen       total 169472K, used 169356K [0x00000000c0000000, 0x00000000ca580000, 0x00000000eab00000)
  object space 169472K, 99% used [0x00000000c0000000,0x00000000ca563360,0x00000000ca580000)
 Metaspace       used 83366K, capacity 84118K, committed 84480K, reserved 1122304K
  class space    used 11784K, capacity 11959K, committed 12032K, reserved 1048576K
}
Event: 72.603 GC heap before
{Heap before GC invocations=36 (full 4):
 PSYoungGen      total 265216K, used 11249K [0x00000000eab00000, 0x0000000100000000, 0x0000000100000000)
  eden space 253952K, 0% used [0x00000000eab00000,0x00000000eab00000,0x00000000fa300000)
  from space 11264K, 99% used [0x00000000ff380000,0x00000000ffe7c4a0,0x00000000ffe80000)
  to   space 47616K, 0% used [0x00000000fa300000,0x00000000fa300000,0x00000000fd180000)
 ParOldGen       total 169472K, used 169356K [0x00000000c0000000, 0x00000000ca580000, 0x00000000eab00000)
  object space 169472K, 99% used [0x00000000c0000000,0x00000000ca563360,0x00000000ca580000)
 Metaspace       used 83366K, capacity 84118K, committed 84480K, reserved 1122304K
  class space    used 11784K, capacity 11959K, committed 12032K, reserved 1048576K
Event: 72.937 GC heap after
Heap after GC invocations=36 (full 4):
 PSYoungGen      total 265216K, used 0K [0x00000000eab00000, 0x0000000100000000, 0x0000000100000000)
  eden space 253952K, 0% used [0x00000000eab00000,0x00000000eab00000,0x00000000fa300000)
  from space 11264K, 0% used [0x00000000ff380000,0x00000000ff380000,0x00000000ffe80000)
  to   space 47616K, 0% used [0x00000000fa300000,0x00000000fa300000,0x00000000fd180000)
 ParOldGen       total 300544K, used 124518K [0x00000000c0000000, 0x00000000d2580000, 0x00000000eab00000)
  object space 300544K, 41% used [0x00000000c0000000,0x00000000c7999870,0x00000000d2580000)
 Metaspace       used 83355K, capacity 84100K, committed 84480K, reserved 1122304K
  class space    used 11782K, capacity 11956K, committed 12032K, reserved 1048576K
}

